<?xml version="1.0" encoding="UTF-8"?>
<!-- Generated by org.testng.reporters.JUnitReportReporter -->
<testsuite hostname="MSI" failures="0" tests="6" name="demo.TestNGGroupsDemo" time="0.009" errors="0" timestamp="2022-06-08T11:15:58 CST" skipped="0">
  <testcase classname="demo.TestNGGroupsDemo" name="test2" time="0.000"/>
  <system-out/>
  <testcase classname="demo.TestNGGroupsDemo" name="test3" time="0.001"/>
  <system-out/>
  <testcase classname="demo.TestNGGroupsDemo" name="test4" time="0.001"/>
  <system-out/>
  <testcase classname="demo.TestNGGroupsDemo" name="test1" time="0.006"/>
  <system-out/>
  <testcase classname="demo.TestNGGroupsDemo" name="test5" time="0.001"/>
  <system-out/>
  <testcase classname="demo.TestNGGroupsDemo" name="test6" time="0.000"/>
  <system-out/>
</testsuite> <!-- demo.TestNGGroupsDemo -->
