<?xml version="1.0" encoding="UTF-8"?>
<!-- Generated by org.testng.reporters.JUnitReportReporter -->
<testsuite hostname="MSI" failures="0" tests="3" name="demo.TestNGDependencyDemo" time="0.010" errors="0" timestamp="2022-06-08T11:18:14 CST" skipped="0">
  <testcase classname="demo.TestNGDependencyDemo" name="test3" time="0.001"/>
  <system-out/>
  <testcase classname="demo.TestNGDependencyDemo" name="test1" time="0.000"/>
  <system-out/>
  <testcase classname="demo.TestNGDependencyDemo" name="test2" time="0.009"/>
  <system-out/>
</testsuite> <!-- demo.TestNGDependencyDemo -->
