<?xml version="1.0" encoding="UTF-8"?>
<!-- Generated by org.testng.reporters.JUnitReportReporter -->
<testsuite hostname="MSI" failures="0" tests="1" name="Tests.TestNG_Demo2" time="0.000" errors="0" timestamp="2022-06-10T17:15:34 CST" skipped="1">
  <testcase classname="Tests.TestNG_Demo2" name="googleSearch3" time="0.000">
    <skipped/>
  </testcase> <!-- googleSearch3 -->
  <system-out/>
</testsuite> <!-- Tests.TestNG_Demo2 -->
