<?xml version="1.0" encoding="UTF-8"?>
<!-- Generated by org.testng.reporters.JUnitReportReporter -->
<testsuite hostname="MSI" failures="0" tests="2" name="Tests.extentReportsWithTestNG" time="0.754" errors="0" timestamp="2022-06-03T13:37:29 CST" skipped="0">
  <testcase classname="Tests.extentReportsWithTestNG" name="testcase1" time="0.753"/>
  <system-out/>
  <testcase classname="Tests.extentReportsWithTestNG" name="testcase2" time="0.001"/>
  <system-out/>
</testsuite> <!-- Tests.extentReportsWithTestNG -->
