<?xml version="1.0" encoding="UTF-8"?>
<!-- Generated by org.testng.reporters.JUnitReportReporter -->
<testsuite hostname="MSI" failures="0" tests="3" name="demo.TestNGMultiBrowserDemo" time="15.499" errors="0" timestamp="2022-06-07T17:43:30 CST" skipped="0">
  <testcase classname="demo.TestNGMultiBrowserDemo" name="test1" time="4.974"/>
  <system-out/>
  <testcase classname="demo.TestNGMultiBrowserDemo" name="test1" time="5.204"/>
  <system-out/>
  <testcase classname="demo.TestNGMultiBrowserDemo" name="test1" time="5.321"/>
  <system-out/>
</testsuite> <!-- demo.TestNGMultiBrowserDemo -->
