<?xml version="1.0" encoding="UTF-8"?>
<!-- Generated by org.testng.reporters.JUnitReportReporter -->
<testsuite hostname="MSI" failures="0" tests="1" name="demo.katalonExportDemo" time="8.076" errors="0" timestamp="2022-06-08T12:29:24 CST" skipped="0">
  <testcase classname="demo.katalonExportDemo" name="testUntitledTestCase" time="8.076"/>
  <system-out/>
</testsuite> <!-- demo.katalonExportDemo -->
