<?xml version="1.0" encoding="UTF-8"?>
<!-- Generated by org.testng.reporters.JUnitReportReporter -->
<testsuite hostname="MSI" failures="0" tests="1" name="demo.TestNGIgnoreDemo" time="0.005" errors="0" timestamp="2022-06-08T11:22:34 CST" skipped="0">
  <testcase classname="demo.TestNGIgnoreDemo" name="test2" time="0.005"/>
  <system-out/>
</testsuite> <!-- demo.TestNGIgnoreDemo -->
