<?xml version="1.0" encoding="UTF-8"?>
<!-- Generated by org.testng.reporters.JUnitReportReporter -->
<testsuite hostname="MSI" failures="0" tests="3" name="demo.TestNGPriorityDemo" time="0.012" errors="0" timestamp="2022-06-07T14:45:30 CST" skipped="0">
  <testcase classname="demo.TestNGPriorityDemo" name="test3" time="0.010"/>
  <system-out/>
  <testcase classname="demo.TestNGPriorityDemo" name="test2" time="0.001"/>
  <system-out/>
  <testcase classname="demo.TestNGPriorityDemo" name="test1" time="0.001"/>
  <system-out/>
</testsuite> <!-- demo.TestNGPriorityDemo -->
